<?xml version="1.0" encoding="UTF-8"?>
<testsuite name="com.example.fullshot.FullshotApplicationTests" tests="1" skipped="0" failures="0" errors="0" timestamp="2021-04-24T09:35:24" hostname="DESKTOP-7HK7PM8" time="0.279">
  <properties/>
  <testcase name="contextLoads()" classname="com.example.fullshot.FullshotApplicationTests" time="0.279"/>
  <system-out><![CDATA[18:35:21.742 [Test worker] DEBUG org.springframework.test.context.BootstrapUtils - Instantiating CacheAwareContextLoaderDelegate from class [org.springframework.test.context.cache.DefaultCacheAwareContextLoaderDelegate]
18:35:21.756 [Test worker] DEBUG org.springframework.test.context.BootstrapUtils - Instantiating BootstrapContext using constructor [public org.springframework.test.context.support.DefaultBootstrapContext(java.lang.Class,org.springframework.test.context.CacheAwareContextLoaderDelegate)]
18:35:21.794 [Test worker] DEBUG org.springframework.test.context.BootstrapUtils - Instantiating TestContextBootstrapper for test class [com.example.fullshot.FullshotApplicationTests] from class [org.springframework.boot.test.context.SpringBootTestContextBootstrapper]
18:35:21.808 [Test worker] INFO org.springframework.boot.test.context.SpringBootTestContextBootstrapper - Neither @ContextConfiguration nor @ContextHierarchy found for test class [com.example.fullshot.FullshotApplicationTests], using SpringBootContextLoader
18:35:21.812 [Test worker] DEBUG org.springframework.test.context.support.AbstractContextLoader - Did not detect default resource location for test class [com.example.fullshot.FullshotApplicationTests]: class path resource [com/example/fullshot/FullshotApplicationTests-context.xml] does not exist
18:35:21.813 [Test worker] DEBUG org.springframework.test.context.support.AbstractContextLoader - Did not detect default resource location for test class [com.example.fullshot.FullshotApplicationTests]: class path resource [com/example/fullshot/FullshotApplicationTestsContext.groovy] does not exist
18:35:21.813 [Test worker] INFO org.springframework.test.context.support.AbstractContextLoader - Could not detect default resource locations for test class [com.example.fullshot.FullshotApplicationTests]: no resource found for suffixes {-context.xml, Context.groovy}.
18:35:21.814 [Test worker] INFO org.springframework.test.context.support.AnnotationConfigContextLoaderUtils - Could not detect default configuration classes for test class [com.example.fullshot.FullshotApplicationTests]: FullshotApplicationTests does not declare any static, non-private, non-final, nested classes annotated with @Configuration.
18:35:21.864 [Test worker] DEBUG org.springframework.test.context.support.ActiveProfilesUtils - Could not find an 'annotation declaring class' for annotation type [org.springframework.test.context.ActiveProfiles] and class [com.example.fullshot.FullshotApplicationTests]
18:35:21.941 [Test worker] DEBUG org.springframework.context.annotation.ClassPathScanningCandidateComponentProvider - Identified candidate component class: file [C:\workspace\fullshot\build\classes\java\main\com\example\fullshot\FullshotApplication.class]
18:35:21.944 [Test worker] INFO org.springframework.boot.test.context.SpringBootTestContextBootstrapper - Found @SpringBootConfiguration com.example.fullshot.FullshotApplication for test class com.example.fullshot.FullshotApplicationTests
18:35:22.057 [Test worker] DEBUG org.springframework.boot.test.context.SpringBootTestContextBootstrapper - @TestExecutionListeners is not present for class [com.example.fullshot.FullshotApplicationTests]: using defaults.
18:35:22.058 [Test worker] INFO org.springframework.boot.test.context.SpringBootTestContextBootstrapper - Loaded default TestExecutionListener class names from location [META-INF/spring.factories]: [org.springframework.boot.test.autoconfigure.restdocs.RestDocsTestExecutionListener, org.springframework.boot.test.autoconfigure.web.client.MockRestServiceServerResetTestExecutionListener, org.springframework.boot.test.autoconfigure.web.servlet.MockMvcPrintOnlyOnFailureTestExecutionListener, org.springframework.boot.test.autoconfigure.web.servlet.WebDriverTestExecutionListener, org.springframework.boot.test.autoconfigure.webservices.client.MockWebServiceServerTestExecutionListener, org.springframework.boot.test.mock.mockito.MockitoTestExecutionListener, org.springframework.boot.test.mock.mockito.ResetMocksTestExecutionListener, org.springframework.test.context.web.ServletTestExecutionListener, org.springframework.test.context.support.DirtiesContextBeforeModesTestExecutionListener, org.springframework.test.context.support.DependencyInjectionTestExecutionListener, org.springframework.test.context.support.DirtiesContextTestExecutionListener, org.springframework.test.context.transaction.TransactionalTestExecutionListener, org.springframework.test.context.jdbc.SqlScriptsTestExecutionListener, org.springframework.test.context.event.EventPublishingTestExecutionListener]
18:35:22.070 [Test worker] DEBUG org.springframework.boot.test.context.SpringBootTestContextBootstrapper - Skipping candidate TestExecutionListener [org.springframework.test.context.transaction.TransactionalTestExecutionListener] due to a missing dependency. Specify custom listener classes or make the default listener classes and their required dependencies available. Offending class: [org/springframework/transaction/TransactionDefinition]
18:35:22.071 [Test worker] DEBUG org.springframework.boot.test.context.SpringBootTestContextBootstrapper - Skipping candidate TestExecutionListener [org.springframework.test.context.jdbc.SqlScriptsTestExecutionListener] due to a missing dependency. Specify custom listener classes or make the default listener classes and their required dependencies available. Offending class: [org/springframework/transaction/interceptor/TransactionAttribute]
18:35:22.071 [Test worker] INFO org.springframework.boot.test.context.SpringBootTestContextBootstrapper - Using TestExecutionListeners: [org.springframework.test.context.web.ServletTestExecutionListener@5e6c1f9a, org.springframework.test.context.support.DirtiesContextBeforeModesTestExecutionListener@1278149, org.springframework.boot.test.mock.mockito.MockitoTestExecutionListener@71ff115e, org.springframework.boot.test.autoconfigure.SpringBootDependencyInjectionTestExecutionListener@b4a8977, org.springframework.test.context.support.DirtiesContextTestExecutionListener@35e4c74b, org.springframework.test.context.event.EventPublishingTestExecutionListener@8f43577, org.springframework.boot.test.autoconfigure.restdocs.RestDocsTestExecutionListener@188b0d6, org.springframework.boot.test.autoconfigure.web.client.MockRestServiceServerResetTestExecutionListener@5e5690a1, org.springframework.boot.test.autoconfigure.web.servlet.MockMvcPrintOnlyOnFailureTestExecutionListener@4d1bdabf, org.springframework.boot.test.autoconfigure.web.servlet.WebDriverTestExecutionListener@646d11e6, org.springframework.boot.test.autoconfigure.webservices.client.MockWebServiceServerTestExecutionListener@20a703bd, org.springframework.boot.test.mock.mockito.ResetMocksTestExecutionListener@4a9e4c90]
18:35:22.077 [Test worker] DEBUG org.springframework.test.context.support.AbstractDirtiesContextTestExecutionListener - Before test class: context [DefaultTestContext@15e9d420 testClass = FullshotApplicationTests, testInstance = [null], testMethod = [null], testException = [null], mergedContextConfiguration = [WebMergedContextConfiguration@2710addd testClass = FullshotApplicationTests, locations = '{}', classes = '{class com.example.fullshot.FullshotApplication}', contextInitializerClasses = '[]', activeProfiles = '{}', propertySourceLocations = '{}', propertySourceProperties = '{org.springframework.boot.test.context.SpringBootTestContextBootstrapper=true}', contextCustomizers = set[org.springframework.boot.test.autoconfigure.actuate.metrics.MetricsExportContextCustomizerFactory$DisableMetricExportContextCustomizer@2820613b, org.springframework.boot.test.autoconfigure.properties.PropertyMappingContextCustomizer@0, org.springframework.boot.test.autoconfigure.web.servlet.WebDriverContextCustomizerFactory$Customizer@298a6a4e, org.springframework.boot.test.context.filter.ExcludeFilterContextCustomizer@a03c39a, org.springframework.boot.test.json.DuplicateJsonObjectContextCustomizerFactory$DuplicateJsonObjectContextCustomizer@3db1f6ee, org.springframework.boot.test.mock.mockito.MockitoContextCustomizer@0, org.springframework.boot.test.web.client.TestRestTemplateContextCustomizer@1e8fc928, org.springframework.boot.test.context.SpringBootTestArgs@1, org.springframework.boot.test.context.SpringBootTestWebEnvironment@26ab3f07], resourceBasePath = 'src/main/webapp', contextLoader = 'org.springframework.boot.test.context.SpringBootContextLoader', parent = [null]], attributes = map['org.springframework.test.context.web.ServletTestExecutionListener.activateListener' -> true]], class annotated with @DirtiesContext [false] with mode [null].
18:35:22.110 [Test worker] DEBUG org.springframework.test.context.support.TestPropertySourceUtils - Adding inlined properties to environment: {spring.jmx.enabled=false, org.springframework.boot.test.context.SpringBootTestContextBootstrapper=true}

  .   ____          _            __ _ _
 /\\ / ___'_ __ _ _(_)_ __  __ _ \ \ \ \
( ( )\___ | '_ | '_| | '_ \/ _` | \ \ \ \
 \\/  ___)| |_)| | | | | || (_| |  ) ) ) )
  '  |____| .__|_| |_|_| |_\__, | / / / /
 =========|_|==============|___/=/_/_/_/
 :: Spring Boot ::                (v2.4.1)

2021-04-24 18:35:22.413  INFO 4404 --- [    Test worker] c.e.fullshot.FullshotApplicationTests    : Starting FullshotApplicationTests using Java 1.8.0_271 on DESKTOP-7HK7PM8 with PID 4404 (started by kkyu in C:\workspace\fullshot)
2021-04-24 18:35:22.416  INFO 4404 --- [    Test worker] c.e.fullshot.FullshotApplicationTests    : No active profile set, falling back to default profiles: default
2021-04-24 18:35:23.657  INFO 4404 --- [    Test worker] o.s.s.concurrent.ThreadPoolTaskExecutor  : Initializing ExecutorService 'applicationTaskExecutor'
2021-04-24 18:35:24.069  INFO 4404 --- [    Test worker] c.e.fullshot.FullshotApplicationTests    : Started FullshotApplicationTests in 1.952 seconds (JVM running for 3.387)
]]></system-out>
  <system-err><![CDATA[]]></system-err>
</testsuite>
